Running Sphinx v1.0.7
!!!!!!!
/home/markb/XMOS.dir/xSoftIPTools.dir/v1_0_8/xdoc/docutils/writers/html4css1/html4css1.css
Running XMOS Documentation setup:xdehtml
loading pickled environment... not yet created
building [xdehtml]: all documents
updating environment: 1 added, 0 changed, 0 removed
reading sources... [100%] index

looking for now-outdated files... none found
pickling environment... done
checking consistency... done
preparing documents... done
['index']
writing output... [100%] index
Adding scope descriptions

writing additional files...
copying images... [ 50%] xscope_pwm.jpg
copying images... [100%] vcd_pwm.jpg

copying static files... done
dumping object inventory... done
build succeeded.
